<?xml version="1.0" encoding="UTF-8"?>
<!-- Generated by org.testng.reporters.JUnitReportReporter -->
<testsuite hostname="SHAOZIY3" name="appiumtest.test1" tests="1" failures="0" timestamp="27 Sep 2016 06:41:46 GMT" time="10.193" errors="0">
  <testcase name="add" time="10.193" classname="appiumtest.test1"/>
</testsuite> <!-- appiumtest.test1 -->
